# JRE version: Java(TM) SE Runtime Environment (8.0_25-b17) (build 1.8.0_25-b17)
# Java VM: Java HotSpot(TM) 64-Bit Server VM (25.25-b02 mixed mode bsd-amd64 compressed oops)
Heap:
 PSYoungGen      total 119808K, used 50203K [0x00000007b5580000, 0x00000007c0000000, 0x00000007c0000000)
  eden space 66048K, 29% used [0x00000007b5580000,0x00000007b688e520,0x00000007b9600000)
  from space 53760K, 57% used [0x00000007bcb80000,0x00000007be978818,0x00000007c0000000)
  to   space 54272K, 0% used [0x00000007b9600000,0x00000007b9600000,0x00000007bcb00000)
 ParOldGen       total 254464K, used 172265K [0x00000007a0000000, 0x00000007af880000, 0x00000007b5580000)
  object space 254464K, 67% used [0x00000007a0000000,0x00000007aa83a7f8,0x00000007af880000)
 Metaspace       used 82512K, capacity 87344K, committed 87464K, reserved 1124352K
  class space    used 10981K, capacity 12103K, committed 12208K, reserved 1048576K
GC Heap History (10 events):
Event: 7958.322 GC heap before
{Heap before GC invocations=56 (full 4):
 PSYoungGen      total 119808K, used 94016K [0x00000007b5580000, 0x00000007bff00000, 0x00000007c0000000)
  eden space 72192K, 100% used [0x00000007b5580000,0x00000007b9c00000,0x00000007b9c00000)
  from space 47616K, 45% used [0x00000007b9c00000,0x00000007bb150178,0x00000007bca80000)
  to   space 46592K, 0% used [0x00000007bd180000,0x00000007bd180000,0x00000007bff00000)
 ParOldGen       total 254464K, used 172097K [0x00000007a0000000, 0x00000007af880000, 0x00000007b5580000)
  object space 254464K, 67% used [0x00000007a0000000,0x00000007aa8107f8,0x00000007af880000)
 Metaspace       used 82434K, capacity 87276K, committed 87464K, reserved 1124352K
  class space    used 10981K, capacity 12103K, committed 12208K, reserved 1048576K
Event: 7958.348 GC heap after
Heap after GC invocations=56 (full 4):
 PSYoungGen      total 125952K, used 24146K [0x00000007b5580000, 0x00000007bfe80000, 0x00000007c0000000)
  eden space 79872K, 0% used [0x00000007b5580000,0x00000007b5580000,0x00000007ba380000)
  from space 46080K, 52% used [0x00000007bd180000,0x00000007be914a18,0x00000007bfe80000)
  to   space 46592K, 0% used [0x00000007ba380000,0x00000007ba380000,0x00000007bd100000)
 ParOldGen       total 254464K, used 172129K [0x00000007a0000000, 0x00000007af880000, 0x00000007b5580000)
  object space 254464K, 67% used [0x00000007a0000000,0x00000007aa8187f8,0x00000007af880000)
 Metaspace       used 82434K, capacity 87276K, committed 87464K, reserved 1124352K
  class space    used 10981K, capacity 12103K, committed 12208K, reserved 1048576K
}
Event: 7959.169 GC heap before
{Heap before GC invocations=57 (full 4):
 PSYoungGen      total 125952K, used 104018K [0x00000007b5580000, 0x00000007bfe80000, 0x00000007c0000000)
  eden space 79872K, 100% used [0x00000007b5580000,0x00000007ba380000,0x00000007ba380000)
  from space 46080K, 52% used [0x00000007bd180000,0x00000007be914a18,0x00000007bfe80000)
  to   space 46592K, 0% used [0x00000007ba380000,0x00000007ba380000,0x00000007bd100000)
 ParOldGen       total 254464K, used 172129K [0x00000007a0000000, 0x00000007af880000, 0x00000007b5580000)
  object space 254464K, 67% used [0x00000007a0000000,0x00000007aa8187f8,0x00000007af880000)
 Metaspace       used 82457K, capacity 87280K, committed 87464K, reserved 1124352K
  class space    used 10981K, capacity 12103K, committed 12208K, reserved 1048576K
Event: 7959.207 GC heap after
Heap after GC invocations=57 (full 4):
 PSYoungGen      total 117248K, used 37239K [0x00000007b5580000, 0x00000007c0000000, 0x00000007c0000000)
  eden space 79872K, 0% used [0x00000007b5580000,0x00000007b5580000,0x00000007ba380000)
  from space 37376K, 99% used [0x00000007ba380000,0x00000007bc7ddc78,0x00000007bc800000)
  to   space 51200K, 0% used [0x00000007bce00000,0x00000007bce00000,0x00000007c0000000)
 ParOldGen       total 254464K, used 172129K [0x00000007a0000000, 0x00000007af880000, 0x00000007b5580000)
  object space 254464K, 67% used [0x00000007a0000000,0x00000007aa8187f8,0x00000007af880000)
 Metaspace       used 82457K, capacity 87280K, committed 87464K, reserved 1124352K
  class space    used 10981K, capacity 12103K, committed 12208K, reserved 1048576K
}
Event: 7961.205 GC heap before
{Heap before GC invocations=58 (full 4):
 PSYoungGen      total 117248K, used 117111K [0x00000007b5580000, 0x00000007c0000000, 0x00000007c0000000)
  eden space 79872K, 100% used [0x00000007b5580000,0x00000007ba380000,0x00000007ba380000)
  from space 37376K, 99% used [0x00000007ba380000,0x00000007bc7ddc78,0x00000007bc800000)
  to   space 51200K, 0% used [0x00000007bce00000,0x00000007bce00000,0x00000007c0000000)
 ParOldGen       total 254464K, used 172129K [0x00000007a0000000, 0x00000007af880000, 0x00000007b5580000)
  object space 254464K, 67% used [0x00000007a0000000,0x00000007aa8187f8,0x00000007af880000)
 Metaspace       used 82471K, capacity 87280K, committed 87464K, reserved 1124352K
  class space    used 10981K, capacity 12103K, committed 12208K, reserved 1048576K
Event: 7961.250 GC heap after
Heap after GC invocations=58 (full 4):
 PSYoungGen      total 119296K, used 34195K [0x00000007b5580000, 0x00000007c0000000, 0x00000007c0000000)
  eden space 68096K, 0% used [0x00000007b5580000,0x00000007b5580000,0x00000007b9800000)
  from space 51200K, 66% used [0x00000007bce00000,0x00000007bef64c88,0x00000007c0000000)
  to   space 53248K, 0% used [0x00000007b9800000,0x00000007b9800000,0x00000007bcc00000)
 ParOldGen       total 254464K, used 172201K [0x00000007a0000000, 0x00000007af880000, 0x00000007b5580000)
  object space 254464K, 67% used [0x00000007a0000000,0x00000007aa82a7f8,0x00000007af880000)
 Metaspace       used 82471K, capacity 87280K, committed 87464K, reserved 1124352K
  class space    used 10981K, capacity 12103K, committed 12208K, reserved 1048576K
}
Event: 7962.411 GC heap before
{Heap before GC invocations=59 (full 4):
 PSYoungGen      total 119296K, used 102291K [0x00000007b5580000, 0x00000007c0000000, 0x00000007c0000000)
  eden space 68096K, 100% used [0x00000007b5580000,0x00000007b9800000,0x00000007b9800000)
  from space 51200K, 66% used [0x00000007bce00000,0x00000007bef64c88,0x00000007c0000000)
  to   space 53248K, 0% used [0x00000007b9800000,0x00000007b9800000,0x00000007bcc00000)
 ParOldGen       total 254464K, used 172201K [0x00000007a0000000, 0x00000007af880000, 0x00000007b5580000)
  object space 254464K, 67% used [0x00000007a0000000,0x00000007aa82a7f8,0x00000007af880000)
 Metaspace       used 82485K, capacity 87344K, committed 87464K, reserved 1124352K
  class space    used 10981K, capacity 12103K, committed 12208K, reserved 1048576K
Event: 7962.451 GC heap after
Heap after GC invocations=59 (full 4):
 PSYoungGen      total 99328K, used 30734K [0x00000007b5580000, 0x00000007c0000000, 0x00000007c0000000)
  eden space 68096K, 0% used [0x00000007b5580000,0x00000007b5580000,0x00000007b9800000)
  from space 31232K, 98% used [0x00000007b9800000,0x00000007bb6039f8,0x00000007bb680000)
  to   space 53760K, 0% used [0x00000007bcb80000,0x00000007bcb80000,0x00000007c0000000)
 ParOldGen       total 254464K, used 172241K [0x00000007a0000000, 0x00000007af880000, 0x00000007b5580000)
  object space 254464K, 67% used [0x00000007a0000000,0x00000007aa8347f8,0x00000007af880000)
 Metaspace       used 82485K, capacity 87344K, committed 87464K, reserved 1124352K
  class space    used 10981K, capacity 12103K, committed 12208K, reserved 1048576K
}
Event: 7963.216 GC heap before
{Heap before GC invocations=60 (full 4):
 PSYoungGen      total 99328K, used 98830K [0x00000007b5580000, 0x00000007c0000000, 0x00000007c0000000)
  eden space 68096K, 100% used [0x00000007b5580000,0x00000007b9800000,0x00000007b9800000)
  from space 31232K, 98% used [0x00000007b9800000,0x00000007bb6039f8,0x00000007bb680000)
  to   space 53760K, 0% used [0x00000007bcb80000,0x00000007bcb80000,0x00000007c0000000)
 ParOldGen       total 254464K, used 172241K [0x00000007a0000000, 0x00000007af880000, 0x00000007b5580000)
  object space 254464K, 67% used [0x00000007a0000000,0x00000007aa8347f8,0x00000007af880000)
 Metaspace       used 82508K, capacity 87344K, committed 87464K, reserved 1124352K
  class space    used 10981K, capacity 12103K, committed 12208K, reserved 1048576K
Event: 7963.246 GC heap after
Heap after GC invocations=60 (full 4):
 PSYoungGen      total 119808K, used 30690K [0x00000007b5580000, 0x00000007c0000000, 0x00000007c0000000)
  eden space 66048K, 0% used [0x00000007b5580000,0x00000007b5580000,0x00000007b9600000)
  from space 53760K, 57% used [0x00000007bcb80000,0x00000007be978818,0x00000007c0000000)
  to   space 54272K, 0% used [0x00000007b9600000,0x00000007b9600000,0x00000007bcb00000)
 ParOldGen       total 254464K, used 172265K [0x00000007a0000000, 0x00000007af880000, 0x00000007b5580000)
  object space 254464K, 67% used [0x00000007a0000000,0x00000007aa83a7f8,0x00000007af880000)
 Metaspace       used 82508K, capacity 87344K, committed 87464K, reserved 1124352K
  class space    used 10981K, capacity 12103K, committed 12208K, reserved 1048576K
}

